Arguments: 
  /usr/local/bin/node /usr/local/bin/yarn add @zappar/zappar-react-three-fiber-fiber

PATH: 
  /Library/Frameworks/Python.framework/Versions/3.10/bin:/usr/local/bin:/usr/bin:/bin:/usr/sbin:/sbin:/Applications/VMware Fusion.app/Contents/Public:/usr/local/share/dotnet:~/.dotnet/tools:/Library/Apple/usr/bin:/Library/Frameworks/Python.framework/Versions/3.10/bin

Yarn version: 
  1.22.18

Node version: 
  19.6.0

Platform: 
  darwin x64

Trace: 
  Error: https://registry.yarnpkg.com/@zappar%2fzappar-react-three-fiber-fiber: Not found
      at params.callback [as _callback] (/usr/local/lib/node_modules/yarn/lib/cli.js:66138:18)
      at self.callback (/usr/local/lib/node_modules/yarn/lib/cli.js:140883:22)
      at Request.emit (node:events:512:28)
      at Request.<anonymous> (/usr/local/lib/node_modules/yarn/lib/cli.js:141855:10)
      at Request.emit (node:events:512:28)
      at IncomingMessage.<anonymous> (/usr/local/lib/node_modules/yarn/lib/cli.js:141777:12)
      at Object.onceWrapper (node:events:626:28)
      at IncomingMessage.emit (node:events:524:35)
      at endReadableNT (node:internal/streams/readable:1359:12)
      at process.processTicksAndRejections (node:internal/process/task_queues:82:21)

npm manifest: 
  {
    "name": "ar",
    "private": true,
    "version": "0.0.0",
    "type": "module",
    "scripts": {
      "dev": "vite",
      "build": "vite build",
      "preview": "vite preview"
    },
    "dependencies": {
      "@react-three/drei": "^9.58.4",
      "@react-three/fiber": "^8.12.0",
      "maath": "^0.5.3",
      "react": "^18.2.0",
      "react-dom": "^18.2.0",
      "react-router-dom": "^6.9.0",
      "react-tilt": "^0.1.4",
      "react-vertical-timeline-component": "^3.6.0"
    },
    "devDependencies": {
      "@types/react": "^18.0.28",
      "@types/react-dom": "^18.0.11",
      "@vitejs/plugin-react": "^3.1.0",
      "autoprefixer": "^10.4.14",
      "postcss": "^8.4.21",
      "tailwindcss": "^3.2.7",
      "vite": "^4.2.0"
    }
  }

yarn manifest: 
  No manifest

Lockfile: 
  No lockfile
